{"/home/rafael/Documentos/projetos/alljs/spotifyradio/server/config.js": {"path":"/home/rafael/Documentos/projetos/alljs/spotifyradio/server/config.js","statementMap":{"0":{"start":{"line":4,"column":19},"end":{"line":4,"column":58}},"1":{"start":{"line":5,"column":13},"end":{"line":5,"column":36}},"2":{"start":{"line":6,"column":17},"end":{"line":6,"column":36}},"3":{"start":{"line":7,"column":18},"end":{"line":7,"column":38}}},"fnMap":{},"branchMap":{"0":{"loc":{"start":{"line":10,"column":8},"end":{"line":10,"column":32}},"type":"binary-expr","locations":[{"start":{"line":10,"column":8},"end":{"line":10,"column":24}},{"start":{"line":10,"column":28},"end":{"line":10,"column":32}}],"line":10}},"s":{"0":3,"1":3,"2":3,"3":3},"f":{},"b":{"0":[3,3]},"_coverageSchema":"1a1c01bbd47fc00a2c39e90264f33305004495a9","hash":"2274362b1705d9ad9627861c731e7b790564bc46"}
,"/home/rafael/Documentos/projetos/alljs/spotifyradio/server/controller.js": {"path":"/home/rafael/Documentos/projetos/alljs/spotifyradio/server/controller.js","statementMap":{"0":{"start":{"line":5,"column":4},"end":{"line":5,"column":32}},"1":{"start":{"line":9,"column":4},"end":{"line":9,"column":47}}},"fnMap":{"0":{"name":"(anonymous_0)","decl":{"start":{"line":4,"column":2},"end":{"line":4,"column":3}},"loc":{"start":{"line":4,"column":16},"end":{"line":6,"column":3}},"line":4},"1":{"name":"(anonymous_1)","decl":{"start":{"line":8,"column":2},"end":{"line":8,"column":3}},"loc":{"start":{"line":8,"column":32},"end":{"line":10,"column":3}},"line":8}},"branchMap":{},"s":{"0":2,"1":1},"f":{"0":2,"1":1},"b":{},"_coverageSchema":"1a1c01bbd47fc00a2c39e90264f33305004495a9","hash":"42835a1854bb899f15a43fdcc5bff3d23452ed7f"}
,"/home/rafael/Documentos/projetos/alljs/spotifyradio/server/routes.js": {"path":"/home/rafael/Documentos/projetos/alljs/spotifyradio/server/routes.js","statementMap":{"0":{"start":{"line":5,"column":19},"end":{"line":5,"column":35}},"1":{"start":{"line":8,"column":26},"end":{"line":8,"column":33}},"2":{"start":{"line":10,"column":2},"end":{"line":13,"column":3}},"3":{"start":{"line":11,"column":4},"end":{"line":11,"column":63}},"4":{"start":{"line":12,"column":4},"end":{"line":12,"column":25}},"5":{"start":{"line":15,"column":2},"end":{"line":18,"column":3}},"6":{"start":{"line":16,"column":23},"end":{"line":16,"column":72}},"7":{"start":{"line":17,"column":4},"end":{"line":17,"column":32}},"8":{"start":{"line":20,"column":2},"end":{"line":23,"column":3}},"9":{"start":{"line":21,"column":23},"end":{"line":21,"column":78}},"10":{"start":{"line":22,"column":4},"end":{"line":22,"column":32}},"11":{"start":{"line":26,"column":2},"end":{"line":33,"column":3}},"12":{"start":{"line":27,"column":29},"end":{"line":27,"column":64}},"13":{"start":{"line":28,"column":24},"end":{"line":28,"column":59}},"14":{"start":{"line":29,"column":4},"end":{"line":31,"column":5}},"15":{"start":{"line":30,"column":6},"end":{"line":30,"column":62}},"16":{"start":{"line":32,"column":4},"end":{"line":32,"column":32}},"17":{"start":{"line":35,"column":2},"end":{"line":35,"column":25}},"18":{"start":{"line":36,"column":2},"end":{"line":36,"column":23}},"19":{"start":{"line":40,"column":2},"end":{"line":44,"column":3}},"20":{"start":{"line":41,"column":4},"end":{"line":41,"column":49}},"21":{"start":{"line":42,"column":4},"end":{"line":42,"column":27}},"22":{"start":{"line":43,"column":4},"end":{"line":43,"column":25}},"23":{"start":{"line":46,"column":2},"end":{"line":46,"column":52}},"24":{"start":{"line":47,"column":2},"end":{"line":47,"column":25}},"25":{"start":{"line":48,"column":2},"end":{"line":48,"column":23}},"26":{"start":{"line":52,"column":2},"end":{"line":53,"column":49}},"27":{"start":{"line":53,"column":20},"end":{"line":53,"column":48}}},"fnMap":{"0":{"name":"routes","decl":{"start":{"line":7,"column":15},"end":{"line":7,"column":21}},"loc":{"start":{"line":7,"column":41},"end":{"line":37,"column":1}},"line":7},"1":{"name":"handleError","decl":{"start":{"line":39,"column":9},"end":{"line":39,"column":20}},"loc":{"start":{"line":39,"column":38},"end":{"line":49,"column":1}},"line":39},"2":{"name":"handler","decl":{"start":{"line":51,"column":16},"end":{"line":51,"column":23}},"loc":{"start":{"line":51,"column":43},"end":{"line":54,"column":1}},"line":51},"3":{"name":"(anonymous_3)","decl":{"start":{"line":53,"column":11},"end":{"line":53,"column":12}},"loc":{"start":{"line":53,"column":20},"end":{"line":53,"column":48}},"line":53}},"branchMap":{"0":{"loc":{"start":{"line":10,"column":2},"end":{"line":13,"column":3}},"type":"if","locations":[{"start":{"line":10,"column":2},"end":{"line":13,"column":3}},{"start":{},"end":{}}],"line":10},"1":{"loc":{"start":{"line":10,"column":6},"end":{"line":10,"column":37}},"type":"binary-expr","locations":[{"start":{"line":10,"column":6},"end":{"line":10,"column":22}},{"start":{"line":10,"column":26},"end":{"line":10,"column":37}}],"line":10},"2":{"loc":{"start":{"line":15,"column":2},"end":{"line":18,"column":3}},"type":"if","locations":[{"start":{"line":15,"column":2},"end":{"line":18,"column":3}},{"start":{},"end":{}}],"line":15},"3":{"loc":{"start":{"line":15,"column":6},"end":{"line":15,"column":41}},"type":"binary-expr","locations":[{"start":{"line":15,"column":6},"end":{"line":15,"column":22}},{"start":{"line":15,"column":26},"end":{"line":15,"column":41}}],"line":15},"4":{"loc":{"start":{"line":20,"column":2},"end":{"line":23,"column":3}},"type":"if","locations":[{"start":{"line":20,"column":2},"end":{"line":23,"column":3}},{"start":{},"end":{}}],"line":20},"5":{"loc":{"start":{"line":20,"column":6},"end":{"line":20,"column":47}},"type":"binary-expr","locations":[{"start":{"line":20,"column":6},"end":{"line":20,"column":22}},{"start":{"line":20,"column":26},"end":{"line":20,"column":47}}],"line":20},"6":{"loc":{"start":{"line":26,"column":2},"end":{"line":33,"column":3}},"type":"if","locations":[{"start":{"line":26,"column":2},"end":{"line":33,"column":3}},{"start":{},"end":{}}],"line":26},"7":{"loc":{"start":{"line":29,"column":4},"end":{"line":31,"column":5}},"type":"if","locations":[{"start":{"line":29,"column":4},"end":{"line":31,"column":5}},{"start":{},"end":{}}],"line":29},"8":{"loc":{"start":{"line":40,"column":2},"end":{"line":44,"column":3}},"type":"if","locations":[{"start":{"line":40,"column":2},"end":{"line":44,"column":3}},{"start":{},"end":{}}],"line":40}},"s":{"0":1,"1":8,"2":8,"3":1,"4":1,"5":7,"6":1,"7":1,"8":6,"9":1,"10":1,"11":5,"12":4,"13":2,"14":2,"15":1,"16":2,"17":1,"18":1,"19":2,"20":1,"21":1,"22":1,"23":1,"24":1,"25":1,"26":8,"27":2},"f":{"0":8,"1":2,"2":8,"3":2},"b":{"0":[1,7],"1":[8,7],"2":[1,6],"3":[7,6],"4":[1,5],"5":[6,5],"6":[4,1],"7":[1,1],"8":[1,1]},"_coverageSchema":"1a1c01bbd47fc00a2c39e90264f33305004495a9","hash":"cf43ab4fce1c96cd2d5245be6f3452339660dbe9"}
,"/home/rafael/Documentos/projetos/alljs/spotifyradio/server/service.js": {"path":"/home/rafael/Documentos/projetos/alljs/spotifyradio/server/service.js","statementMap":{"0":{"start":{"line":7,"column":4},"end":{"line":7,"column":40}},"1":{"start":{"line":11,"column":25},"end":{"line":11,"column":57}},"2":{"start":{"line":12,"column":4},"end":{"line":12,"column":43}},"3":{"start":{"line":13,"column":21},"end":{"line":13,"column":42}},"4":{"start":{"line":14,"column":4},"end":{"line":17,"column":5}},"5":{"start":{"line":21,"column":27},"end":{"line":21,"column":55}},"6":{"start":{"line":22,"column":4},"end":{"line":25,"column":5}}},"fnMap":{"0":{"name":"(anonymous_0)","decl":{"start":{"line":6,"column":2},"end":{"line":6,"column":3}},"loc":{"start":{"line":6,"column":29},"end":{"line":8,"column":3}},"line":6},"1":{"name":"(anonymous_1)","decl":{"start":{"line":10,"column":2},"end":{"line":10,"column":3}},"loc":{"start":{"line":10,"column":26},"end":{"line":18,"column":3}},"line":10},"2":{"name":"(anonymous_2)","decl":{"start":{"line":20,"column":2},"end":{"line":20,"column":3}},"loc":{"start":{"line":20,"column":28},"end":{"line":26,"column":3}},"line":20}},"branchMap":{},"s":{"0":1,"1":1,"2":1,"3":1,"4":1,"5":1,"6":1},"f":{"0":1,"1":1,"2":1},"b":{},"_coverageSchema":"1a1c01bbd47fc00a2c39e90264f33305004495a9","hash":"2f71b7f20a1cca6e2d50f201d248a37fe5fd206a"}
,"/home/rafael/Documentos/projetos/alljs/spotifyradio/server/util.js": {"path":"/home/rafael/Documentos/projetos/alljs/spotifyradio/server/util.js","statementMap":{"0":{"start":{"line":3,"column":12},"end":{"line":11,"column":2}},"1":{"start":{"line":13,"column":22},"end":{"line":13,"column":25}}},"fnMap":{},"branchMap":{},"s":{"0":1,"1":1},"f":{},"b":{},"_coverageSchema":"1a1c01bbd47fc00a2c39e90264f33305004495a9","hash":"701d89263ad9cbf86c4f2516c7ab27b78c92fbfe"}
,"/home/rafael/Documentos/projetos/alljs/spotifyradio/tests/unit/_util/testUtil.js": {"path":"/home/rafael/Documentos/projetos/alljs/spotifyradio/tests/unit/_util/testUtil.js","statementMap":{"0":{"start":{"line":6,"column":4},"end":{"line":13,"column":6}},"1":{"start":{"line":8,"column":8},"end":{"line":10,"column":9}},"2":{"start":{"line":9,"column":10},"end":{"line":9,"column":25}},"3":{"start":{"line":11,"column":8},"end":{"line":11,"column":23}},"4":{"start":{"line":17,"column":4},"end":{"line":23,"column":6}},"5":{"start":{"line":19,"column":8},"end":{"line":19,"column":21}},"6":{"start":{"line":21,"column":8},"end":{"line":21,"column":23}},"7":{"start":{"line":27,"column":26},"end":{"line":27,"column":81}},"8":{"start":{"line":28,"column":21},"end":{"line":28,"column":62}},"9":{"start":{"line":29,"column":17},"end":{"line":39,"column":5}},"10":{"start":{"line":41,"column":4},"end":{"line":44,"column":5}},"11":{"start":{"line":42,"column":20},"end":{"line":42,"column":39}}},"fnMap":{"0":{"name":"(anonymous_0)","decl":{"start":{"line":5,"column":2},"end":{"line":5,"column":3}},"loc":{"start":{"line":5,"column":38},"end":{"line":14,"column":3}},"line":5},"1":{"name":"(anonymous_1)","decl":{"start":{"line":7,"column":6},"end":{"line":7,"column":7}},"loc":{"start":{"line":7,"column":13},"end":{"line":12,"column":7}},"line":7},"2":{"name":"(anonymous_2)","decl":{"start":{"line":16,"column":2},"end":{"line":16,"column":3}},"loc":{"start":{"line":16,"column":40},"end":{"line":24,"column":3}},"line":16},"3":{"name":"(anonymous_3)","decl":{"start":{"line":18,"column":6},"end":{"line":18,"column":7}},"loc":{"start":{"line":18,"column":28},"end":{"line":22,"column":7}},"line":18},"4":{"name":"(anonymous_4)","decl":{"start":{"line":26,"column":2},"end":{"line":26,"column":3}},"loc":{"start":{"line":26,"column":31},"end":{"line":45,"column":3}},"line":26},"5":{"name":"(anonymous_5)","decl":{"start":{"line":28,"column":53},"end":{"line":28,"column":54}},"loc":{"start":{"line":28,"column":59},"end":{"line":28,"column":61}},"line":28},"6":{"name":"(anonymous_6)","decl":{"start":{"line":42,"column":14},"end":{"line":42,"column":15}},"loc":{"start":{"line":42,"column":20},"end":{"line":42,"column":39}},"line":42}},"branchMap":{},"s":{"0":13,"1":0,"2":0,"3":0,"4":8,"5":0,"6":0,"7":8,"8":8,"9":8,"10":8,"11":8},"f":{"0":13,"1":0,"2":8,"3":0,"4":8,"5":0,"6":8},"b":{},"_coverageSchema":"1a1c01bbd47fc00a2c39e90264f33305004495a9","hash":"4f26bc3365b42f3201b1701116a914e952e9bb96"}
}
